d:\project\orientatinglaunch\orientatinglaunch\orientatinglaunch\x64\debug\vc143.pdb
d:\project\orientatinglaunch\orientatinglaunch\orientatinglaunch\x64\debug\vc143.idb
d:\project\orientatinglaunch\orientatinglaunch\orientatinglaunch\x64\debug\tapefilereader.obj
d:\project\orientatinglaunch\orientatinglaunch\orientatinglaunch\x64\debug\in2filereader.obj
d:\project\orientatinglaunch\orientatinglaunch\orientatinglaunch\x64\debug\fileoperate.obj
d:\project\orientatinglaunch\orientatinglaunch\orientatinglaunch\x64\debug\edgemanager.obj
d:\project\orientatinglaunch\orientatinglaunch\orientatinglaunch\x64\debug\coordsystem.obj
d:\project\orientatinglaunch\orientatinglaunch\orientatinglaunch\x64\debug\angleconverter.obj
d:\project\orientatinglaunch\orientatinglaunch\orientatinglaunch\x64\debug\angleconversion.obj
d:\project\orientatinglaunch\orientatinglaunch\orientatinglaunch\x64\debug\main.obj
d:\project\orientatinglaunch\orientatinglaunch\orientatinglaunch\x64\debug\orientatinglaunch.obj
d:\project\orientatinglaunch\orientatinglaunch\orientatinglaunch\x64\debug\geodeticcalculator.obj
d:\project\orientatinglaunch\orientatinglaunch\x64\debug\orientatinglaunch.exe
d:\project\orientatinglaunch\orientatinglaunch\x64\debug\orientatinglaunch.pdb
d:\project\orientatinglaunch\orientatinglaunch\orientatinglaunch\x64\debug\orientatinglaunch.ilk
d:\project\orientatinglaunch\orientatinglaunch\orientatinglaunch\x64\debug\orientat.c4f3d64c.tlog\cl.command.1.tlog
d:\project\orientatinglaunch\orientatinglaunch\orientatinglaunch\x64\debug\orientat.c4f3d64c.tlog\cl.items.tlog
d:\project\orientatinglaunch\orientatinglaunch\orientatinglaunch\x64\debug\orientat.c4f3d64c.tlog\cl.read.1.tlog
d:\project\orientatinglaunch\orientatinglaunch\orientatinglaunch\x64\debug\orientat.c4f3d64c.tlog\cl.write.1.tlog
d:\project\orientatinglaunch\orientatinglaunch\orientatinglaunch\x64\debug\orientat.c4f3d64c.tlog\link.command.1.tlog
d:\project\orientatinglaunch\orientatinglaunch\orientatinglaunch\x64\debug\orientat.c4f3d64c.tlog\link.read.1.tlog
d:\project\orientatinglaunch\orientatinglaunch\orientatinglaunch\x64\debug\orientat.c4f3d64c.tlog\link.secondary.1.tlog
d:\project\orientatinglaunch\orientatinglaunch\orientatinglaunch\x64\debug\orientat.c4f3d64c.tlog\link.write.1.tlog
