  OrientatingLaunch.cpp
D:\project\OrientatingLaunch\OrientatingLaunch\eigen-3.4.0\Eigen\src\Core\arch\Default\Half.h(1,1): warning C4819: 该文件包含不能在当前代码页(936)中表示的字符。请将该文件保存为 Unicode 格式以防止数据丢失
  (编译源文件“OrientatingLaunch.cpp”)
  
D:\project\OrientatingLaunch\OrientatingLaunch\eigen-3.4.0\Eigen\src\Core\arch\Default\BFloat16.h(1,1): warning C4819: 该文件包含不能在当前代码页(936)中表示的字符。请将该文件保存为 Unicode 格式以防止数据丢失
  (编译源文件“OrientatingLaunch.cpp”)
  
D:\project\OrientatingLaunch\OrientatingLaunch\eigen-3.4.0\Eigen\src\Core\arch\Default\GenericPacketMathFunctions.h(676,1): warning C4819: 该文件包含不能在当前代码页(936)中表示的字符。请将该文件保存为 Unicode 格式以防止数据丢失
  (编译源文件“OrientatingLaunch.cpp”)
  
D:\project\OrientatingLaunch\OrientatingLaunch\OrientatingLaunch\OrientatingLaunch.cpp(310,46): warning C4101: “e”: 未引用的局部变量
D:\project\OrientatingLaunch\OrientatingLaunch\OrientatingLaunch\OrientatingLaunch.cpp(331,42): warning C4101: “e”: 未引用的局部变量
D:\project\OrientatingLaunch\OrientatingLaunch\OrientatingLaunch\OrientatingLaunch.cpp(643,49): warning C4267: “参数”: 从“size_t”转换到“_Ty”，可能丢失数据
D:\project\OrientatingLaunch\OrientatingLaunch\OrientatingLaunch\OrientatingLaunch.cpp(643,49): warning C4267:         with
D:\project\OrientatingLaunch\OrientatingLaunch\OrientatingLaunch\OrientatingLaunch.cpp(643,49): warning C4267:         [
D:\project\OrientatingLaunch\OrientatingLaunch\OrientatingLaunch\OrientatingLaunch.cpp(643,49): warning C4267:             _Ty=int
D:\project\OrientatingLaunch\OrientatingLaunch\OrientatingLaunch\OrientatingLaunch.cpp(643,49): warning C4267:         ]
D:\project\OrientatingLaunch\OrientatingLaunch\OrientatingLaunch\OrientatingLaunch.cpp(722,55): warning C4267: “=”: 从“size_t”转换到“int”，可能丢失数据
D:\project\OrientatingLaunch\OrientatingLaunch\OrientatingLaunch\OrientatingLaunch.cpp(902,11): warning C4244: “初始化”: 从“Eigen::EigenBase<Derived>::Index”转换到“int”，可能丢失数据
D:\project\OrientatingLaunch\OrientatingLaunch\OrientatingLaunch\OrientatingLaunch.cpp(902,11): warning C4244:         with
D:\project\OrientatingLaunch\OrientatingLaunch\OrientatingLaunch\OrientatingLaunch.cpp(902,11): warning C4244:         [
D:\project\OrientatingLaunch\OrientatingLaunch\OrientatingLaunch\OrientatingLaunch.cpp(902,11): warning C4244:             Derived=Eigen::Matrix<double,-1,1,0,-1,1>
D:\project\OrientatingLaunch\OrientatingLaunch\OrientatingLaunch\OrientatingLaunch.cpp(902,11): warning C4244:         ]
D:\project\OrientatingLaunch\OrientatingLaunch\OrientatingLaunch\OrientatingLaunch.cpp(903,11): warning C4267: “初始化”: 从“size_t”转换到“int”，可能丢失数据
D:\project\OrientatingLaunch\OrientatingLaunch\OrientatingLaunch\OrientatingLaunch.cpp(1145,18): warning C4267: “初始化”: 从“size_t”转换到“int”，可能丢失数据
  OrientatingLaunch.vcxproj -> D:\project\OrientatingLaunch\OrientatingLaunch\x64\Debug\OrientatingLaunch.exe
